<?xml version="1.0" encoding="UTF-8"?>
<!-- Generated by org.testng.reporters.JUnitReportReporter -->
<testsuite hostname="Jyoti" failures="0" tests="1" name="Demo.sampleTest" time="0.012" errors="0" timestamp="2024-07-27T11:02:12 IST" skipped="0">
  <testcase classname="Demo.sampleTest" name="demo" time="0.012"/>
  <system-out>
    <![CDATA[SampleTest class executed]]>
  </system-out>
</testsuite> <!-- Demo.sampleTest -->
