<?xml version="1.0" encoding="UTF-8"?>
<!-- Generated by org.testng.reporters.JUnitReportReporter -->
<testsuite hostname="Jyoti" failures="0" tests="1" name="Demo.sample" time="0.013" errors="0" timestamp="2024-07-26T12:03:35 IST" skipped="0">
  <testcase classname="Demo.sample" name="demo" time="0.013"/>
  <system-out>
    <![CDATA[Sample class executed]]>
  </system-out>
</testsuite> <!-- Demo.sample -->
